Your Operating system is Darwin
init your Mac...
Software Update Tool

Finding available software
softwareupdate Update Success.
xcode-select Install Success.
Checking brew...
Already up-to-date.
Using brew doweload necessary tools 
Checking wget...
Checking cloc...
Checking vim...
Checking git...
Checking zsh...
Checking tree...
Checking icdiff...
Checking trash...
Necessary tools install is complete!
=============================
Configuring necessary tools
=============================
Checking zshrc...
Checking Defalut Shell...
Checking SpaceVim...
Configuring global git...
============================================
Necessary tools configuration is complete!
============================================
